{"level":"error","message":"Unhandled exception: oops, stack: Error: oops\n    at Object.<anonymous> (D:\\Vestry\\JS-lessons\\RS_School\\Node.js\\vestry-rss-nodejs-2021-q3\\src\\app.ts:44:7)\n    at Module._compile (internal/modules/cjs/loader.js:1063:30)\n    at Module.m._compile (D:\\Vestry\\JS-lessons\\RS_School\\Node.js\\vestry-rss-nodejs-2021-q3\\node_modules\\ts-node\\src\\index.ts:1295:23)\n    at Module._extensions..js (internal/modules/cjs/loader.js:1092:10)\n    at Object.require.extensions.<computed> [as .ts] (D:\\Vestry\\JS-lessons\\RS_School\\Node.js\\vestry-rss-nodejs-2021-q3\\node_modules\\ts-node\\src\\index.ts:1298:12)\n    at Module.load (internal/modules/cjs/loader.js:928:32)\n    at Function.Module._load (internal/modules/cjs/loader.js:769:14)\n    at Module.require (internal/modules/cjs/loader.js:952:19)\n    at require (internal/modules/cjs/helpers.js:88:18)\n    at Object.<anonymous> (D:\\Vestry\\JS-lessons\\RS_School\\Node.js\\vestry-rss-nodejs-2021-q3\\src\\server.ts:1:1)","timestamp":"2021-06-08T19:57:05.751Z"}
{"level":"error","message":"Unhandled promise rejection: Oops!, stack: Error: Oops!\n    at Object.<anonymous> (D:\\Vestry\\JS-lessons\\RS_School\\Node.js\\vestry-rss-nodejs-2021-q3\\src\\app.ts:46:16)\n    at Module._compile (internal/modules/cjs/loader.js:1063:30)\n    at Module.m._compile (D:\\Vestry\\JS-lessons\\RS_School\\Node.js\\vestry-rss-nodejs-2021-q3\\node_modules\\ts-node\\src\\index.ts:1295:23)\n    at Module._extensions..js (internal/modules/cjs/loader.js:1092:10)\n    at Object.require.extensions.<computed> [as .ts] (D:\\Vestry\\JS-lessons\\RS_School\\Node.js\\vestry-rss-nodejs-2021-q3\\node_modules\\ts-node\\src\\index.ts:1298:12)\n    at Module.load (internal/modules/cjs/loader.js:928:32)\n    at Function.Module._load (internal/modules/cjs/loader.js:769:14)\n    at Module.require (internal/modules/cjs/loader.js:952:19)\n    at require (internal/modules/cjs/helpers.js:88:18)\n    at Object.<anonymous> (D:\\Vestry\\JS-lessons\\RS_School\\Node.js\\vestry-rss-nodejs-2021-q3\\src\\server.ts:1:1)","timestamp":"2021-06-08T19:57:23.602Z"}
{"meta":{},"level":"info","message":"HTTP (200) - GET: /users, params: {}, body: {}","timestamp":"2021-06-08T19:57:47.368Z"}
{"meta":{},"level":"info","message":"HTTP (201) - POST: /users, params: {}, body: {\"name\":\"TEST_USER\",\"login\":\"test_user\",\"password\":\"T35t_P@55w0rd\"}","timestamp":"2021-06-08T19:57:47.424Z"}
{"meta":{},"level":"info","message":"HTTP (200) - GET: /users/e13b0512-2882-4cfe-9863-b4020b1ac58f, params: {}, body: {}","timestamp":"2021-06-08T19:57:47.433Z"}
{"meta":{},"level":"info","message":"HTTP (200) - DELETE: /users/e13b0512-2882-4cfe-9863-b4020b1ac58f, params: {}, body: {}","timestamp":"2021-06-08T19:57:47.439Z"}
{"meta":{},"level":"info","message":"HTTP (201) - POST: /users, params: {}, body: {\"name\":\"TEST_USER\",\"login\":\"test_user\",\"password\":\"T35t_P@55w0rd\"}","timestamp":"2021-06-08T19:57:47.448Z"}
{"meta":{},"level":"info","message":"HTTP (200) - DELETE: /users/9997a18c-a671-4aef-abc6-b8d06386270b, params: {}, body: {}","timestamp":"2021-06-08T19:57:47.459Z"}
{"meta":{},"level":"info","message":"HTTP (201) - POST: /users, params: {}, body: {\"name\":\"TEST_USER\",\"login\":\"test_user\",\"password\":\"T35t_P@55w0rd\"}","timestamp":"2021-06-08T19:57:47.468Z"}
{"meta":{},"level":"info","message":"HTTP (200) - PUT: /users/c0bd5781-bc1b-4a12-bf79-ff58212f67eb, params: {}, body: {\"name\":\"Autotest updated TEST_USER\",\"login\":\"test_user\",\"password\":\"T35t_P@55w0rd\",\"id\":\"c0bd5781-bc1b-4a12-bf79-ff58212f67eb\"}","timestamp":"2021-06-08T19:57:47.475Z"}
{"meta":{},"level":"info","message":"HTTP (200) - GET: /users/c0bd5781-bc1b-4a12-bf79-ff58212f67eb, params: {}, body: {}","timestamp":"2021-06-08T19:57:47.480Z"}
{"meta":{},"level":"info","message":"HTTP (200) - DELETE: /users/c0bd5781-bc1b-4a12-bf79-ff58212f67eb, params: {}, body: {}","timestamp":"2021-06-08T19:57:47.485Z"}
{"meta":{},"level":"info","message":"HTTP (201) - POST: /users, params: {}, body: {\"name\":\"TEST_USER\",\"login\":\"test_user\",\"password\":\"T35t_P@55w0rd\"}","timestamp":"2021-06-08T19:57:47.491Z"}
{"meta":{},"level":"info","message":"HTTP (200) - DELETE: /users/fb6069cf-3be4-44ef-9c87-7025c5cb81aa, params: {}, body: {}","timestamp":"2021-06-08T19:57:47.495Z"}
{"meta":{},"level":"info","message":"HTTP (201) - POST: /users, params: {}, body: {\"name\":\"TEST_USER\",\"login\":\"test_user\",\"password\":\"T35t_P@55w0rd\"}","timestamp":"2021-06-08T19:57:47.502Z"}
{"meta":{},"level":"info","message":"HTTP (201) - POST: /boards, params: {}, body: {\"title\":\"Autotest board\",\"columns\":[{\"title\":\"Backlog\",\"order\":1},{\"title\":\"Sprint\",\"order\":2}]}","timestamp":"2021-06-08T19:57:47.508Z"}
{"meta":{},"level":"info","message":"HTTP (201) - POST: /boards/60517e33-6a0c-43d6-a7ac-aa558ad766a3/tasks, params: {}, body: {\"title\":\"Task #1\",\"order\":1,\"description\":\"Lorem ipsum\",\"userId\":\"a7931368-0fda-40be-8596-7461e742c29e\",\"boardId\":\"60517e33-6a0c-43d6-a7ac-aa558ad766a3\"}","timestamp":"2021-06-08T19:57:47.516Z"}
{"meta":{},"level":"info","message":"HTTP (201) - POST: /boards/60517e33-6a0c-43d6-a7ac-aa558ad766a3/tasks, params: {}, body: {\"title\":\"Task #2\",\"order\":2,\"description\":\"Lorem ipsum\",\"userId\":\"a7931368-0fda-40be-8596-7461e742c29e\",\"boardId\":\"60517e33-6a0c-43d6-a7ac-aa558ad766a3\"}","timestamp":"2021-06-08T19:57:47.520Z"}
{"meta":{},"level":"info","message":"HTTP (200) - DELETE: /users/a7931368-0fda-40be-8596-7461e742c29e, params: {}, body: {}","timestamp":"2021-06-08T19:57:47.524Z"}
{"meta":{},"level":"info","message":"HTTP (200) - GET: /boards/60517e33-6a0c-43d6-a7ac-aa558ad766a3/tasks/63758609-e35e-4c63-bf7d-6a1e570f842d, params: {}, body: {}","timestamp":"2021-06-08T19:57:47.530Z"}
{"meta":{},"level":"info","message":"HTTP (200) - GET: /boards/60517e33-6a0c-43d6-a7ac-aa558ad766a3/tasks/9d317db2-f4fd-464b-a901-1de7043acd3b, params: {}, body: {}","timestamp":"2021-06-08T19:57:47.535Z"}
{"meta":{},"level":"info","message":"HTTP (200) - DELETE: /boards/60517e33-6a0c-43d6-a7ac-aa558ad766a3/tasks/63758609-e35e-4c63-bf7d-6a1e570f842d, params: {}, body: {}","timestamp":"2021-06-08T19:57:47.542Z"}
{"meta":{},"level":"info","message":"HTTP (200) - DELETE: /boards/60517e33-6a0c-43d6-a7ac-aa558ad766a3/tasks/9d317db2-f4fd-464b-a901-1de7043acd3b, params: {}, body: {}","timestamp":"2021-06-08T19:57:47.545Z"}
{"meta":{},"level":"info","message":"HTTP (200) - DELETE: /boards/60517e33-6a0c-43d6-a7ac-aa558ad766a3, params: {}, body: {}","timestamp":"2021-06-08T19:57:47.551Z"}
{"meta":{},"level":"info","message":"HTTP (201) - POST: /boards, params: {}, body: {\"title\":\"Autotest board\",\"columns\":[{\"title\":\"Backlog\",\"order\":1},{\"title\":\"Sprint\",\"order\":2}]}","timestamp":"2021-06-08T19:57:47.887Z"}
{"meta":{},"level":"info","message":"HTTP (200) - GET: /boards, params: {}, body: {}","timestamp":"2021-06-08T19:57:47.899Z"}
{"meta":{},"level":"info","message":"HTTP (200) - GET: /boards, params: {}, body: {}","timestamp":"2021-06-08T19:57:47.920Z"}
{"meta":{},"level":"info","message":"HTTP (200) - GET: /boards/0b4f5198-a0e0-4553-b93e-f3e17c5a1c49, params: {}, body: {}","timestamp":"2021-06-08T19:57:47.928Z"}
{"meta":{},"level":"info","message":"HTTP (201) - POST: /boards, params: {}, body: {\"title\":\"Autotest board\",\"columns\":[{\"title\":\"Backlog\",\"order\":1},{\"title\":\"Sprint\",\"order\":2}]}","timestamp":"2021-06-08T19:57:47.937Z"}
{"meta":{},"level":"info","message":"HTTP (200) - DELETE: /boards/3522d079-3687-479b-bb36-a945ab024f14, params: {}, body: {}","timestamp":"2021-06-08T19:57:47.940Z"}
{"meta":{},"level":"info","message":"HTTP (201) - POST: /boards, params: {}, body: {\"title\":\"Autotest board\",\"columns\":[{\"title\":\"Backlog\",\"order\":1},{\"title\":\"Sprint\",\"order\":2}]}","timestamp":"2021-06-08T19:57:47.944Z"}
{"meta":{},"level":"info","message":"HTTP (200) - PUT: /boards/c0ebe51e-7741-4ed9-b15e-c6b2fe9bbd88, params: {}, body: {\"id\":\"c0ebe51e-7741-4ed9-b15e-c6b2fe9bbd88\",\"title\":\"Autotest updated board\",\"columns\":[{\"id\":\"b6a95848-ebb1-4090-aeae-cf0e3de99170\",\"title\":\"Backlog\",\"order\":1},{\"id\":\"a504454a-4a35-4e7e-8397-f440cabaca09\",\"title\":\"Sprint\",\"order\":2}]}","timestamp":"2021-06-08T19:57:47.948Z"}
{"meta":{},"level":"info","message":"HTTP (200) - GET: /boards/c0ebe51e-7741-4ed9-b15e-c6b2fe9bbd88, params: {}, body: {}","timestamp":"2021-06-08T19:57:47.952Z"}
{"meta":{},"level":"info","message":"HTTP (200) - DELETE: /boards/c0ebe51e-7741-4ed9-b15e-c6b2fe9bbd88, params: {}, body: {}","timestamp":"2021-06-08T19:57:47.955Z"}
{"meta":{},"level":"info","message":"HTTP (201) - POST: /boards, params: {}, body: {\"title\":\"Autotest board\",\"columns\":[{\"title\":\"Backlog\",\"order\":1},{\"title\":\"Sprint\",\"order\":2}]}","timestamp":"2021-06-08T19:57:47.959Z"}
{"meta":{},"level":"info","message":"HTTP (200) - DELETE: /boards/d724fbe2-1979-4430-ad0a-4df234bb57e6, params: {}, body: {}","timestamp":"2021-06-08T19:57:47.962Z"}
{"meta":{},"level":"warn","message":"HTTP (404) - GET: /boards/d724fbe2-1979-4430-ad0a-4df234bb57e6, params: {}, body: {}","timestamp":"2021-06-08T19:57:47.966Z"}
{"meta":{},"level":"info","message":"HTTP (201) - POST: /boards, params: {}, body: {\"title\":\"Autotest board\",\"columns\":[{\"title\":\"Backlog\",\"order\":1},{\"title\":\"Sprint\",\"order\":2}]}","timestamp":"2021-06-08T19:57:47.971Z"}
{"meta":{},"level":"info","message":"HTTP (201) - POST: /boards/662cd930-72c7-4c4b-9dc4-7bf3aab2ea5c/tasks, params: {}, body: {\"title\":\"Task #1\",\"order\":1,\"description\":\"Lorem ipsum\",\"boardId\":\"662cd930-72c7-4c4b-9dc4-7bf3aab2ea5c\",\"userId\":null,\"columnId\":null}","timestamp":"2021-06-08T19:57:47.983Z"}
{"meta":{},"level":"info","message":"HTTP (201) - POST: /boards/662cd930-72c7-4c4b-9dc4-7bf3aab2ea5c/tasks, params: {}, body: {\"title\":\"Task #2\",\"order\":2,\"description\":\"Lorem ipsum\",\"boardId\":\"662cd930-72c7-4c4b-9dc4-7bf3aab2ea5c\",\"userId\":null,\"columnId\":null}","timestamp":"2021-06-08T19:57:47.985Z"}
{"meta":{},"level":"info","message":"HTTP (201) - POST: /boards/662cd930-72c7-4c4b-9dc4-7bf3aab2ea5c/tasks, params: {}, body: {\"title\":\"Task #3\",\"order\":3,\"description\":\"Lorem ipsum\",\"boardId\":\"662cd930-72c7-4c4b-9dc4-7bf3aab2ea5c\",\"userId\":null,\"columnId\":null}","timestamp":"2021-06-08T19:57:47.988Z"}
{"meta":{},"level":"info","message":"HTTP (201) - POST: /boards/662cd930-72c7-4c4b-9dc4-7bf3aab2ea5c/tasks, params: {}, body: {\"title\":\"Task #4\",\"order\":4,\"description\":\"Lorem ipsum\",\"boardId\":\"662cd930-72c7-4c4b-9dc4-7bf3aab2ea5c\",\"userId\":null,\"columnId\":null}","timestamp":"2021-06-08T19:57:47.990Z"}
{"meta":{},"level":"info","message":"HTTP (201) - POST: /boards/662cd930-72c7-4c4b-9dc4-7bf3aab2ea5c/tasks, params: {}, body: {\"title\":\"Task #5\",\"order\":5,\"description\":\"Lorem ipsum\",\"boardId\":\"662cd930-72c7-4c4b-9dc4-7bf3aab2ea5c\",\"userId\":null,\"columnId\":null}","timestamp":"2021-06-08T19:57:47.991Z"}
{"meta":{},"level":"info","message":"HTTP (200) - GET: /boards/662cd930-72c7-4c4b-9dc4-7bf3aab2ea5c/tasks/55a6af12-1d48-487f-bea2-414b4d425e39, params: {}, body: {}","timestamp":"2021-06-08T19:57:48.003Z"}
{"meta":{},"level":"info","message":"HTTP (200) - GET: /boards/662cd930-72c7-4c4b-9dc4-7bf3aab2ea5c/tasks/05b5f2f0-4f40-4681-b5fb-72545aa6fe6d, params: {}, body: {}","timestamp":"2021-06-08T19:57:48.005Z"}
{"meta":{},"level":"info","message":"HTTP (200) - GET: /boards/662cd930-72c7-4c4b-9dc4-7bf3aab2ea5c/tasks/56572973-94a8-4b67-9bae-0fc3f97a6417, params: {}, body: {}","timestamp":"2021-06-08T19:57:48.007Z"}
{"meta":{},"level":"info","message":"HTTP (200) - GET: /boards/662cd930-72c7-4c4b-9dc4-7bf3aab2ea5c/tasks/8f3a03fc-035c-4dac-8ce6-99ada6f54173, params: {}, body: {}","timestamp":"2021-06-08T19:57:48.009Z"}
{"meta":{},"level":"info","message":"HTTP (200) - GET: /boards/662cd930-72c7-4c4b-9dc4-7bf3aab2ea5c/tasks/f531e2cc-85bb-4ae4-bef3-1f979d21aca6, params: {}, body: {}","timestamp":"2021-06-08T19:57:48.012Z"}
{"meta":{},"level":"info","message":"HTTP (200) - DELETE: /boards/662cd930-72c7-4c4b-9dc4-7bf3aab2ea5c, params: {}, body: {}","timestamp":"2021-06-08T19:57:48.014Z"}
{"meta":{},"level":"warn","message":"HTTP (404) - GET: /boards/662cd930-72c7-4c4b-9dc4-7bf3aab2ea5c/tasks/05b5f2f0-4f40-4681-b5fb-72545aa6fe6d, params: {}, body: {}","timestamp":"2021-06-08T19:57:48.022Z"}
{"meta":{},"level":"warn","message":"HTTP (404) - GET: /boards/662cd930-72c7-4c4b-9dc4-7bf3aab2ea5c/tasks/56572973-94a8-4b67-9bae-0fc3f97a6417, params: {}, body: {}","timestamp":"2021-06-08T19:57:48.024Z"}
{"meta":{},"level":"warn","message":"HTTP (404) - GET: /boards/662cd930-72c7-4c4b-9dc4-7bf3aab2ea5c/tasks/8f3a03fc-035c-4dac-8ce6-99ada6f54173, params: {}, body: {}","timestamp":"2021-06-08T19:57:48.025Z"}
{"meta":{},"level":"warn","message":"HTTP (404) - GET: /boards/662cd930-72c7-4c4b-9dc4-7bf3aab2ea5c/tasks/55a6af12-1d48-487f-bea2-414b4d425e39, params: {}, body: {}","timestamp":"2021-06-08T19:57:48.027Z"}
{"meta":{},"level":"warn","message":"HTTP (404) - GET: /boards/662cd930-72c7-4c4b-9dc4-7bf3aab2ea5c/tasks/f531e2cc-85bb-4ae4-bef3-1f979d21aca6, params: {}, body: {}","timestamp":"2021-06-08T19:57:48.029Z"}
{"meta":{},"level":"info","message":"HTTP (200) - DELETE: /boards/0b4f5198-a0e0-4553-b93e-f3e17c5a1c49, params: {}, body: {}","timestamp":"2021-06-08T19:57:48.032Z"}
{"meta":{},"level":"info","message":"HTTP (201) - POST: /boards, params: {}, body: {\"title\":\"Autotest board\",\"columns\":[{\"title\":\"Backlog\",\"order\":1},{\"title\":\"Sprint\",\"order\":2}]}","timestamp":"2021-06-08T19:57:48.304Z"}
{"meta":{},"level":"info","message":"HTTP (201) - POST: /boards/b8764c19-8516-450b-bf45-a9222b8a5e46/tasks, params: {}, body: {\"title\":\"Autotest task\",\"order\":0,\"description\":\"Lorem ipsum\",\"userId\":null,\"boardId\":null,\"columnId\":null}","timestamp":"2021-06-08T19:57:48.308Z"}
{"meta":{},"level":"info","message":"HTTP (200) - GET: /boards/b8764c19-8516-450b-bf45-a9222b8a5e46/tasks, params: {}, body: {}","timestamp":"2021-06-08T19:57:48.316Z"}
{"meta":{},"level":"info","message":"HTTP (200) - GET: /boards/b8764c19-8516-450b-bf45-a9222b8a5e46/tasks, params: {}, body: {}","timestamp":"2021-06-08T19:57:48.329Z"}
{"meta":{},"level":"info","message":"HTTP (200) - GET: /boards/b8764c19-8516-450b-bf45-a9222b8a5e46/tasks/0ede3a25-13fb-4d48-9d12-ba3ecd233d47, params: {}, body: {}","timestamp":"2021-06-08T19:57:48.336Z"}
{"meta":{},"level":"info","message":"HTTP (201) - POST: /boards/b8764c19-8516-450b-bf45-a9222b8a5e46/tasks, params: {}, body: {\"title\":\"Autotest task\",\"order\":0,\"description\":\"Lorem ipsum\",\"userId\":null,\"boardId\":null,\"columnId\":null}","timestamp":"2021-06-08T19:57:48.343Z"}
{"meta":{},"level":"info","message":"HTTP (200) - DELETE: /boards/b8764c19-8516-450b-bf45-a9222b8a5e46/tasks/3bfda4a6-3fb9-4d6f-bb33-e63a44b71179, params: {}, body: {}","timestamp":"2021-06-08T19:57:48.349Z"}
{"meta":{},"level":"info","message":"HTTP (201) - POST: /boards/b8764c19-8516-450b-bf45-a9222b8a5e46/tasks, params: {}, body: {\"title\":\"Autotest task\",\"order\":0,\"description\":\"Lorem ipsum\",\"userId\":null,\"boardId\":null,\"columnId\":null}","timestamp":"2021-06-08T19:57:48.354Z"}
{"meta":{},"level":"info","message":"HTTP (200) - PUT: /boards/b8764c19-8516-450b-bf45-a9222b8a5e46/tasks/160b27b2-8519-4a2a-8564-187b77d56073, params: {}, body: {\"id\":\"160b27b2-8519-4a2a-8564-187b77d56073\",\"title\":\"Autotest updated task\",\"order\":0,\"description\":\"Lorem ipsum\",\"userId\":null,\"boardId\":\"b8764c19-8516-450b-bf45-a9222b8a5e46\",\"columnId\":null}","timestamp":"2021-06-08T19:57:48.360Z"}
{"meta":{},"level":"info","message":"HTTP (200) - GET: /boards/b8764c19-8516-450b-bf45-a9222b8a5e46/tasks/160b27b2-8519-4a2a-8564-187b77d56073, params: {}, body: {}","timestamp":"2021-06-08T19:57:48.365Z"}
{"meta":{},"level":"info","message":"HTTP (200) - GET: /boards/b8764c19-8516-450b-bf45-a9222b8a5e46/tasks/0ede3a25-13fb-4d48-9d12-ba3ecd233d47, params: {}, body: {}","timestamp":"2021-06-08T19:57:48.371Z"}
{"meta":{},"level":"info","message":"HTTP (200) - DELETE: /boards/b8764c19-8516-450b-bf45-a9222b8a5e46/tasks/0ede3a25-13fb-4d48-9d12-ba3ecd233d47, params: {}, body: {}","timestamp":"2021-06-08T19:57:48.375Z"}
{"meta":{},"level":"warn","message":"HTTP (404) - GET: /boards/b8764c19-8516-450b-bf45-a9222b8a5e46/tasks/0ede3a25-13fb-4d48-9d12-ba3ecd233d47, params: {}, body: {}","timestamp":"2021-06-08T19:57:48.380Z"}
{"meta":{},"level":"info","message":"HTTP (200) - DELETE: /boards/b8764c19-8516-450b-bf45-a9222b8a5e46, params: {}, body: {}","timestamp":"2021-06-08T19:57:48.383Z"}
