{"meta":{},"level":"info","message":"HTTP (200) - GET: /users, params: {}, body: {}","timestamp":"2021-06-14T20:30:10.345Z"}
{"meta":{},"level":"info","message":"HTTP (201) - POST: /users, params: {}, body: {\"name\":\"TEST_USER\",\"login\":\"test_user\",\"password\":\"T35t_P@55w0rd\"}","timestamp":"2021-06-14T20:30:10.371Z"}
{"meta":{},"level":"info","message":"HTTP (200) - GET: /users/36b5b8b5-c03e-467a-a15a-5b789b4f23a7, params: {}, body: {}","timestamp":"2021-06-14T20:30:10.375Z"}
{"meta":{},"level":"info","message":"HTTP (200) - DELETE: /users/36b5b8b5-c03e-467a-a15a-5b789b4f23a7, params: {}, body: {}","timestamp":"2021-06-14T20:30:10.379Z"}
{"meta":{},"level":"info","message":"HTTP (201) - POST: /users, params: {}, body: {\"name\":\"TEST_USER\",\"login\":\"test_user\",\"password\":\"T35t_P@55w0rd\"}","timestamp":"2021-06-14T20:30:10.383Z"}
{"meta":{},"level":"info","message":"HTTP (200) - DELETE: /users/634cc7e5-5056-4d12-9a5b-e1650b9b9d8d, params: {}, body: {}","timestamp":"2021-06-14T20:30:10.390Z"}
{"meta":{},"level":"info","message":"HTTP (201) - POST: /users, params: {}, body: {\"name\":\"TEST_USER\",\"login\":\"test_user\",\"password\":\"T35t_P@55w0rd\"}","timestamp":"2021-06-14T20:30:10.394Z"}
{"meta":{},"level":"info","message":"HTTP (200) - PUT: /users/74fd79f2-1768-42b8-8ea3-5a5d35e5f9e8, params: {}, body: {\"name\":\"Autotest updated TEST_USER\",\"login\":\"test_user\",\"password\":\"T35t_P@55w0rd\",\"id\":\"74fd79f2-1768-42b8-8ea3-5a5d35e5f9e8\"}","timestamp":"2021-06-14T20:30:10.398Z"}
{"meta":{},"level":"info","message":"HTTP (200) - GET: /users/74fd79f2-1768-42b8-8ea3-5a5d35e5f9e8, params: {}, body: {}","timestamp":"2021-06-14T20:30:10.401Z"}
{"meta":{},"level":"info","message":"HTTP (200) - DELETE: /users/74fd79f2-1768-42b8-8ea3-5a5d35e5f9e8, params: {}, body: {}","timestamp":"2021-06-14T20:30:10.403Z"}
{"meta":{},"level":"info","message":"HTTP (201) - POST: /users, params: {}, body: {\"name\":\"TEST_USER\",\"login\":\"test_user\",\"password\":\"T35t_P@55w0rd\"}","timestamp":"2021-06-14T20:30:10.406Z"}
{"meta":{},"level":"info","message":"HTTP (200) - DELETE: /users/8ed028a3-170e-4f0a-8758-2df43658f570, params: {}, body: {}","timestamp":"2021-06-14T20:30:10.408Z"}
{"meta":{},"level":"info","message":"HTTP (201) - POST: /users, params: {}, body: {\"name\":\"TEST_USER\",\"login\":\"test_user\",\"password\":\"T35t_P@55w0rd\"}","timestamp":"2021-06-14T20:30:10.412Z"}
{"meta":{},"level":"info","message":"HTTP (201) - POST: /boards, params: {}, body: {\"title\":\"Autotest board\",\"columns\":[{\"title\":\"Backlog\",\"order\":1},{\"title\":\"Sprint\",\"order\":2}]}","timestamp":"2021-06-14T20:30:10.415Z"}
{"meta":{},"level":"info","message":"HTTP (201) - POST: /boards/f6fadcf0-5905-4f79-b9dc-0a1cc1a106af/tasks, params: {}, body: {\"title\":\"Task #1\",\"order\":1,\"description\":\"Lorem ipsum\",\"userId\":\"6e331903-bfc5-45d3-a348-7f1a51aea639\",\"boardId\":\"f6fadcf0-5905-4f79-b9dc-0a1cc1a106af\"}","timestamp":"2021-06-14T20:30:10.419Z"}
{"meta":{},"level":"info","message":"HTTP (201) - POST: /boards/f6fadcf0-5905-4f79-b9dc-0a1cc1a106af/tasks, params: {}, body: {\"title\":\"Task #2\",\"order\":2,\"description\":\"Lorem ipsum\",\"userId\":\"6e331903-bfc5-45d3-a348-7f1a51aea639\",\"boardId\":\"f6fadcf0-5905-4f79-b9dc-0a1cc1a106af\"}","timestamp":"2021-06-14T20:30:10.421Z"}
{"meta":{},"level":"info","message":"HTTP (200) - DELETE: /users/6e331903-bfc5-45d3-a348-7f1a51aea639, params: {}, body: {}","timestamp":"2021-06-14T20:30:10.423Z"}
{"meta":{},"level":"info","message":"HTTP (200) - GET: /boards/f6fadcf0-5905-4f79-b9dc-0a1cc1a106af/tasks/7a7a80ec-8bb6-490a-8517-d7d63ff78ed3, params: {}, body: {}","timestamp":"2021-06-14T20:30:10.426Z"}
{"meta":{},"level":"info","message":"HTTP (200) - GET: /boards/f6fadcf0-5905-4f79-b9dc-0a1cc1a106af/tasks/eccca193-93dc-45ad-aea3-1a53bcdfa7f4, params: {}, body: {}","timestamp":"2021-06-14T20:30:10.429Z"}
{"meta":{},"level":"info","message":"HTTP (200) - DELETE: /boards/f6fadcf0-5905-4f79-b9dc-0a1cc1a106af/tasks/7a7a80ec-8bb6-490a-8517-d7d63ff78ed3, params: {}, body: {}","timestamp":"2021-06-14T20:30:10.431Z"}
{"meta":{},"level":"info","message":"HTTP (200) - DELETE: /boards/f6fadcf0-5905-4f79-b9dc-0a1cc1a106af/tasks/eccca193-93dc-45ad-aea3-1a53bcdfa7f4, params: {}, body: {}","timestamp":"2021-06-14T20:30:10.433Z"}
{"meta":{},"level":"info","message":"HTTP (200) - DELETE: /boards/f6fadcf0-5905-4f79-b9dc-0a1cc1a106af, params: {}, body: {}","timestamp":"2021-06-14T20:30:10.435Z"}
{"meta":{},"level":"info","message":"HTTP (201) - POST: /boards, params: {}, body: {\"title\":\"Autotest board\",\"columns\":[{\"title\":\"Backlog\",\"order\":1},{\"title\":\"Sprint\",\"order\":2}]}","timestamp":"2021-06-14T20:30:10.622Z"}
{"meta":{},"level":"info","message":"HTTP (200) - GET: /boards, params: {}, body: {}","timestamp":"2021-06-14T20:30:10.627Z"}
{"meta":{},"level":"info","message":"HTTP (200) - GET: /boards, params: {}, body: {}","timestamp":"2021-06-14T20:30:10.638Z"}
{"meta":{},"level":"info","message":"HTTP (200) - GET: /boards/7aa05076-b87f-477a-b8b6-dc814d104589, params: {}, body: {}","timestamp":"2021-06-14T20:30:10.642Z"}
{"meta":{},"level":"info","message":"HTTP (201) - POST: /boards, params: {}, body: {\"title\":\"Autotest board\",\"columns\":[{\"title\":\"Backlog\",\"order\":1},{\"title\":\"Sprint\",\"order\":2}]}","timestamp":"2021-06-14T20:30:10.646Z"}
{"meta":{},"level":"info","message":"HTTP (200) - DELETE: /boards/5be22e9a-9456-4c68-b308-db173afd16f2, params: {}, body: {}","timestamp":"2021-06-14T20:30:10.649Z"}
{"meta":{},"level":"info","message":"HTTP (201) - POST: /boards, params: {}, body: {\"title\":\"Autotest board\",\"columns\":[{\"title\":\"Backlog\",\"order\":1},{\"title\":\"Sprint\",\"order\":2}]}","timestamp":"2021-06-14T20:30:10.651Z"}
{"meta":{},"level":"info","message":"HTTP (200) - PUT: /boards/1c82137b-b4eb-4178-aff7-6cb304bae4f3, params: {}, body: {\"id\":\"1c82137b-b4eb-4178-aff7-6cb304bae4f3\",\"title\":\"Autotest updated board\",\"columns\":[{\"id\":\"d77d2ae7-27be-42e3-a52f-9adf8abc6546\",\"title\":\"Backlog\",\"order\":1},{\"id\":\"c7afe090-d194-4571-9485-2678129dd368\",\"title\":\"Sprint\",\"order\":2}]}","timestamp":"2021-06-14T20:30:10.654Z"}
{"meta":{},"level":"info","message":"HTTP (200) - GET: /boards/1c82137b-b4eb-4178-aff7-6cb304bae4f3, params: {}, body: {}","timestamp":"2021-06-14T20:30:10.657Z"}
{"meta":{},"level":"info","message":"HTTP (200) - DELETE: /boards/1c82137b-b4eb-4178-aff7-6cb304bae4f3, params: {}, body: {}","timestamp":"2021-06-14T20:30:10.660Z"}
{"meta":{},"level":"info","message":"HTTP (201) - POST: /boards, params: {}, body: {\"title\":\"Autotest board\",\"columns\":[{\"title\":\"Backlog\",\"order\":1},{\"title\":\"Sprint\",\"order\":2}]}","timestamp":"2021-06-14T20:30:10.663Z"}
{"meta":{},"level":"info","message":"HTTP (200) - DELETE: /boards/49cea015-5877-41d7-a41d-ad40df4b1cb2, params: {}, body: {}","timestamp":"2021-06-14T20:30:10.664Z"}
{"meta":{},"level":"warn","message":"HTTP (404) - GET: /boards/49cea015-5877-41d7-a41d-ad40df4b1cb2, params: {}, body: {}","timestamp":"2021-06-14T20:30:10.667Z"}
{"meta":{},"level":"info","message":"HTTP (201) - POST: /boards, params: {}, body: {\"title\":\"Autotest board\",\"columns\":[{\"title\":\"Backlog\",\"order\":1},{\"title\":\"Sprint\",\"order\":2}]}","timestamp":"2021-06-14T20:30:10.670Z"}
{"meta":{},"level":"info","message":"HTTP (201) - POST: /boards/c6123844-1b36-4f37-9e76-79f0119f1f7d/tasks, params: {}, body: {\"title\":\"Task #1\",\"order\":1,\"description\":\"Lorem ipsum\",\"boardId\":\"c6123844-1b36-4f37-9e76-79f0119f1f7d\",\"userId\":null,\"columnId\":null}","timestamp":"2021-06-14T20:30:10.675Z"}
{"meta":{},"level":"info","message":"HTTP (201) - POST: /boards/c6123844-1b36-4f37-9e76-79f0119f1f7d/tasks, params: {}, body: {\"title\":\"Task #2\",\"order\":2,\"description\":\"Lorem ipsum\",\"boardId\":\"c6123844-1b36-4f37-9e76-79f0119f1f7d\",\"userId\":null,\"columnId\":null}","timestamp":"2021-06-14T20:30:10.677Z"}
{"meta":{},"level":"info","message":"HTTP (201) - POST: /boards/c6123844-1b36-4f37-9e76-79f0119f1f7d/tasks, params: {}, body: {\"title\":\"Task #3\",\"order\":3,\"description\":\"Lorem ipsum\",\"boardId\":\"c6123844-1b36-4f37-9e76-79f0119f1f7d\",\"userId\":null,\"columnId\":null}","timestamp":"2021-06-14T20:30:10.678Z"}
{"meta":{},"level":"info","message":"HTTP (201) - POST: /boards/c6123844-1b36-4f37-9e76-79f0119f1f7d/tasks, params: {}, body: {\"title\":\"Task #4\",\"order\":4,\"description\":\"Lorem ipsum\",\"boardId\":\"c6123844-1b36-4f37-9e76-79f0119f1f7d\",\"userId\":null,\"columnId\":null}","timestamp":"2021-06-14T20:30:10.679Z"}
{"meta":{},"level":"info","message":"HTTP (201) - POST: /boards/c6123844-1b36-4f37-9e76-79f0119f1f7d/tasks, params: {}, body: {\"title\":\"Task #5\",\"order\":5,\"description\":\"Lorem ipsum\",\"boardId\":\"c6123844-1b36-4f37-9e76-79f0119f1f7d\",\"userId\":null,\"columnId\":null}","timestamp":"2021-06-14T20:30:10.680Z"}
{"meta":{},"level":"info","message":"HTTP (200) - GET: /boards/c6123844-1b36-4f37-9e76-79f0119f1f7d/tasks/a6dbe491-05e4-4435-83b4-7ad9f77f452b, params: {}, body: {}","timestamp":"2021-06-14T20:30:10.688Z"}
{"meta":{},"level":"info","message":"HTTP (200) - GET: /boards/c6123844-1b36-4f37-9e76-79f0119f1f7d/tasks/beebbdd8-ffbb-49f2-8aab-1199d122b611, params: {}, body: {}","timestamp":"2021-06-14T20:30:10.689Z"}
{"meta":{},"level":"info","message":"HTTP (200) - GET: /boards/c6123844-1b36-4f37-9e76-79f0119f1f7d/tasks/450ad92c-1992-4f24-839c-6aab25d36b97, params: {}, body: {}","timestamp":"2021-06-14T20:30:10.690Z"}
{"meta":{},"level":"info","message":"HTTP (200) - GET: /boards/c6123844-1b36-4f37-9e76-79f0119f1f7d/tasks/c637b3e9-4dc8-4f67-ac72-3e15c584be99, params: {}, body: {}","timestamp":"2021-06-14T20:30:10.691Z"}
{"meta":{},"level":"info","message":"HTTP (200) - GET: /boards/c6123844-1b36-4f37-9e76-79f0119f1f7d/tasks/a10d2e36-8663-4737-ac59-a837462d0222, params: {}, body: {}","timestamp":"2021-06-14T20:30:10.693Z"}
{"meta":{},"level":"info","message":"HTTP (200) - DELETE: /boards/c6123844-1b36-4f37-9e76-79f0119f1f7d, params: {}, body: {}","timestamp":"2021-06-14T20:30:10.694Z"}
{"meta":{},"level":"warn","message":"HTTP (404) - GET: /boards/c6123844-1b36-4f37-9e76-79f0119f1f7d/tasks/beebbdd8-ffbb-49f2-8aab-1199d122b611, params: {}, body: {}","timestamp":"2021-06-14T20:30:10.699Z"}
{"meta":{},"level":"warn","message":"HTTP (404) - GET: /boards/c6123844-1b36-4f37-9e76-79f0119f1f7d/tasks/450ad92c-1992-4f24-839c-6aab25d36b97, params: {}, body: {}","timestamp":"2021-06-14T20:30:10.701Z"}
{"meta":{},"level":"warn","message":"HTTP (404) - GET: /boards/c6123844-1b36-4f37-9e76-79f0119f1f7d/tasks/c637b3e9-4dc8-4f67-ac72-3e15c584be99, params: {}, body: {}","timestamp":"2021-06-14T20:30:10.702Z"}
{"meta":{},"level":"warn","message":"HTTP (404) - GET: /boards/c6123844-1b36-4f37-9e76-79f0119f1f7d/tasks/a6dbe491-05e4-4435-83b4-7ad9f77f452b, params: {}, body: {}","timestamp":"2021-06-14T20:30:10.703Z"}
{"meta":{},"level":"warn","message":"HTTP (404) - GET: /boards/c6123844-1b36-4f37-9e76-79f0119f1f7d/tasks/a10d2e36-8663-4737-ac59-a837462d0222, params: {}, body: {}","timestamp":"2021-06-14T20:30:10.704Z"}
{"meta":{},"level":"info","message":"HTTP (200) - DELETE: /boards/7aa05076-b87f-477a-b8b6-dc814d104589, params: {}, body: {}","timestamp":"2021-06-14T20:30:10.706Z"}
{"meta":{},"level":"info","message":"HTTP (201) - POST: /boards, params: {}, body: {\"title\":\"Autotest board\",\"columns\":[{\"title\":\"Backlog\",\"order\":1},{\"title\":\"Sprint\",\"order\":2}]}","timestamp":"2021-06-14T20:30:10.880Z"}
{"meta":{},"level":"info","message":"HTTP (201) - POST: /boards/8a5a0370-ffc6-487b-ab52-1bc528aa15dd/tasks, params: {}, body: {\"title\":\"Autotest task\",\"order\":0,\"description\":\"Lorem ipsum\",\"userId\":null,\"boardId\":null,\"columnId\":null}","timestamp":"2021-06-14T20:30:10.882Z"}
{"meta":{},"level":"info","message":"HTTP (200) - GET: /boards/8a5a0370-ffc6-487b-ab52-1bc528aa15dd/tasks, params: {}, body: {}","timestamp":"2021-06-14T20:30:10.886Z"}
{"meta":{},"level":"info","message":"HTTP (200) - GET: /boards/8a5a0370-ffc6-487b-ab52-1bc528aa15dd/tasks, params: {}, body: {}","timestamp":"2021-06-14T20:30:10.892Z"}
{"meta":{},"level":"info","message":"HTTP (200) - GET: /boards/8a5a0370-ffc6-487b-ab52-1bc528aa15dd/tasks/4b7eb7b1-38aa-435e-9248-edaad66c72ec, params: {}, body: {}","timestamp":"2021-06-14T20:30:10.895Z"}
{"meta":{},"level":"info","message":"HTTP (201) - POST: /boards/8a5a0370-ffc6-487b-ab52-1bc528aa15dd/tasks, params: {}, body: {\"title\":\"Autotest task\",\"order\":0,\"description\":\"Lorem ipsum\",\"userId\":null,\"boardId\":null,\"columnId\":null}","timestamp":"2021-06-14T20:30:10.899Z"}
{"meta":{},"level":"info","message":"HTTP (200) - DELETE: /boards/8a5a0370-ffc6-487b-ab52-1bc528aa15dd/tasks/39a91cf9-2f70-454a-8bab-84c0f9bc38fd, params: {}, body: {}","timestamp":"2021-06-14T20:30:10.902Z"}
{"meta":{},"level":"info","message":"HTTP (201) - POST: /boards/8a5a0370-ffc6-487b-ab52-1bc528aa15dd/tasks, params: {}, body: {\"title\":\"Autotest task\",\"order\":0,\"description\":\"Lorem ipsum\",\"userId\":null,\"boardId\":null,\"columnId\":null}","timestamp":"2021-06-14T20:30:10.904Z"}
{"meta":{},"level":"info","message":"HTTP (200) - PUT: /boards/8a5a0370-ffc6-487b-ab52-1bc528aa15dd/tasks/1a2b9905-81a3-4d0f-93ff-1dea281193ea, params: {}, body: {\"id\":\"1a2b9905-81a3-4d0f-93ff-1dea281193ea\",\"title\":\"Autotest updated task\",\"order\":0,\"description\":\"Lorem ipsum\",\"userId\":null,\"boardId\":\"8a5a0370-ffc6-487b-ab52-1bc528aa15dd\",\"columnId\":null}","timestamp":"2021-06-14T20:30:10.907Z"}
{"meta":{},"level":"info","message":"HTTP (200) - GET: /boards/8a5a0370-ffc6-487b-ab52-1bc528aa15dd/tasks/1a2b9905-81a3-4d0f-93ff-1dea281193ea, params: {}, body: {}","timestamp":"2021-06-14T20:30:10.910Z"}
{"meta":{},"level":"info","message":"HTTP (200) - GET: /boards/8a5a0370-ffc6-487b-ab52-1bc528aa15dd/tasks/4b7eb7b1-38aa-435e-9248-edaad66c72ec, params: {}, body: {}","timestamp":"2021-06-14T20:30:10.913Z"}
{"meta":{},"level":"info","message":"HTTP (200) - DELETE: /boards/8a5a0370-ffc6-487b-ab52-1bc528aa15dd/tasks/4b7eb7b1-38aa-435e-9248-edaad66c72ec, params: {}, body: {}","timestamp":"2021-06-14T20:30:10.915Z"}
{"meta":{},"level":"warn","message":"HTTP (404) - GET: /boards/8a5a0370-ffc6-487b-ab52-1bc528aa15dd/tasks/4b7eb7b1-38aa-435e-9248-edaad66c72ec, params: {}, body: {}","timestamp":"2021-06-14T20:30:10.917Z"}
{"meta":{},"level":"info","message":"HTTP (200) - DELETE: /boards/8a5a0370-ffc6-487b-ab52-1bc528aa15dd, params: {}, body: {}","timestamp":"2021-06-14T20:30:10.919Z"}
{"level":"error","message":"Unhandled exception: Oops, stack: Error: Oops\n    at Object.<anonymous> (D:\\Vestry\\JS-lessons\\RS_School\\Node.js\\vestry-rss-nodejs-2021-q3\\src\\app.ts:43:7)\n    at Module._compile (internal/modules/cjs/loader.js:1068:30)\n    at Module.m._compile (D:\\Vestry\\JS-lessons\\RS_School\\Node.js\\vestry-rss-nodejs-2021-q3\\node_modules\\ts-node\\src\\index.ts:1295:23)\n    at Module._extensions..js (internal/modules/cjs/loader.js:1097:10)\n    at Object.require.extensions.<computed> [as .ts] (D:\\Vestry\\JS-lessons\\RS_School\\Node.js\\vestry-rss-nodejs-2021-q3\\node_modules\\ts-node\\src\\index.ts:1298:12)\n    at Module.load (internal/modules/cjs/loader.js:933:32)\n    at Function.Module._load (internal/modules/cjs/loader.js:774:14)\n    at Module.require (internal/modules/cjs/loader.js:957:19)\n    at require (internal/modules/cjs/helpers.js:88:18)\n    at Object.<anonymous> (D:\\Vestry\\JS-lessons\\RS_School\\Node.js\\vestry-rss-nodejs-2021-q3\\src\\server.ts:1:1)","timestamp":"2021-06-14T20:31:18.764Z"}
{"meta":{},"level":"warn","message":"HTTP (404) - GET: /favicon.ico, params: {}, body: {}","timestamp":"2021-06-16T19:46:32.866Z"}
{"meta":{},"level":"warn","message":"HTTP (404) - GET: /favicon.ico, params: {}, body: {}","timestamp":"2021-06-17T19:04:32.325Z"}
